  snake.cpp
C:\Users\Administrator\Desktop\Snake_Final\snake.cpp(1,1): warning C4819: 该文件包含不能在当前代码页(936)中表示的字符。请将该文件保存为 Unicode 格式以防止数据丢失
C:\Program Files (x86)\Windows Kits\10\Include\10.0.22000.0\um\ddraw.h(41,1): warning C4005: “CO_E_NOTINITIALIZED”: 宏重定义
C:\Program Files (x86)\Windows Kits\10\Include\10.0.22000.0\shared\winerror.h(31499,1): message : 参见“CO_E_NOTINITIALIZED”的前一个定义
C:\Users\Administrator\Desktop\Snake_Final\snake.cpp(1069,1): warning C4819: 该文件包含不能在当前代码页(936)中表示的字符。请将该文件保存为 Unicode 格式以防止数据丢失
C:\Users\Administrator\Desktop\Snake_Final\snake.cpp(1635,20): warning C4101: “returnBottom”: 未引用的局部变量
C:\Users\Administrator\Desktop\Snake_Final\snake.cpp(1634,49): warning C4101: “restartRight”: 未引用的局部变量
C:\Users\Administrator\Desktop\Snake_Final\snake.cpp(1634,9): warning C4101: “restartTop”: 未引用的局部变量
C:\Users\Administrator\Desktop\Snake_Final\snake.cpp(1635,34): warning C4101: “returnLeft”: 未引用的局部变量
C:\Users\Administrator\Desktop\Snake_Final\snake.cpp(1634,21): warning C4101: “restartBottom”: 未引用的局部变量
C:\Users\Administrator\Desktop\Snake_Final\snake.cpp(1635,46): warning C4101: “returnRight”: 未引用的局部变量
C:\Users\Administrator\Desktop\Snake_Final\snake.cpp(1635,9): warning C4101: “returnTop”: 未引用的局部变量
C:\Users\Administrator\Desktop\Snake_Final\snake.cpp(1634,36): warning C4101: “restartLeft”: 未引用的局部变量
C:\Users\Administrator\Desktop\Snake_Final\snake.cpp(1678,20): warning C4101: “returnBottom”: 未引用的局部变量
C:\Users\Administrator\Desktop\Snake_Final\snake.cpp(1678,34): warning C4101: “returnLeft”: 未引用的局部变量
C:\Users\Administrator\Desktop\Snake_Final\snake.cpp(1678,46): warning C4101: “returnRight”: 未引用的局部变量
C:\Users\Administrator\Desktop\Snake_Final\snake.cpp(1678,9): warning C4101: “returnTop”: 未引用的局部变量
C:\Users\Administrator\Desktop\Snake_Final\snake.cpp(1764,27): warning C4101: “bottom”: 未引用的局部变量
C:\Users\Administrator\Desktop\Snake_Final\snake.cpp(1764,14): warning C4101: “left”: 未引用的局部变量
C:\Users\Administrator\Desktop\Snake_Final\snake.cpp(1764,9): warning C4101: “top”: 未引用的局部变量
C:\Users\Administrator\Desktop\Snake_Final\snake.cpp(1764,20): warning C4101: “right”: 未引用的局部变量
C:\Users\Administrator\Desktop\Snake_Final\snake.cpp(1803,20): warning C4101: “returnBottom”: 未引用的局部变量
C:\Users\Administrator\Desktop\Snake_Final\snake.cpp(1802,32): warning C4101: “firstLeft”: 未引用的局部变量
C:\Users\Administrator\Desktop\Snake_Final\snake.cpp(1802,19): warning C4101: “firstBottom”: 未引用的局部变量
C:\Users\Administrator\Desktop\Snake_Final\snake.cpp(1803,34): warning C4101: “returnLeft”: 未引用的局部变量
C:\Users\Administrator\Desktop\Snake_Final\snake.cpp(1802,43): warning C4101: “firstRight”: 未引用的局部变量
C:\Users\Administrator\Desktop\Snake_Final\snake.cpp(1803,46): warning C4101: “returnRight”: 未引用的局部变量
C:\Users\Administrator\Desktop\Snake_Final\snake.cpp(1803,9): warning C4101: “returnTop”: 未引用的局部变量
C:\Users\Administrator\Desktop\Snake_Final\snake.cpp(1802,9): warning C4101: “firstTop”: 未引用的局部变量
C:\Users\Administrator\Desktop\Snake_Final\snake.cpp(2543,60): warning C4244: “参数”: 从“const float”转换到“int”，可能丢失数据
  Snake_Final.vcxproj -> C:\Users\Administrator\Desktop\Snake_Final\x64\Debug\Snake_Final.exe
